<?xml version="1.0" encoding="UTF-8"?>
<!-- Generated by org.testng.reporters.JUnitXMLReporter -->
<testsuite ignored="1" hostname="ip-192-168-1-7.ap-south-1.compute.internal" failures="0" tests="4" name="Default test" time="0.028" errors="0" timestamp="2025-12-05T19:47:05 IST">
  <testcase classname="Test.Test5" name="MobileForgotPasswordCarLoan" time="0.004"/>
  <testcase classname="Test.Test5" name="MobileForgotPasswordCarLoan" time="0.001"/>
  <testcase classname="Test.Test5" name="MobileLogoutCarLoan" time="0.001"/>
  <testcase classname="Test.Test5" name="apiLoginCarLoan" time="0.001"/>
  <testcase classname="Test.Test5" name="MobileLoginCarLoan" time="0.0">
    <ignored/>
  </testcase> <!-- MobileLoginCarLoan -->
</testsuite> <!-- Default test -->
