<?xml version="1.0" encoding="UTF-8"?>
<testng-results ignored="1" total="18" passed="13" failed="3" skipped="1">
  <reporter-output>
  </reporter-output>
  <suite started-at="2025-12-05T22:19:56 IST" name="LoanDepartment" finished-at="2025-12-05T22:19:56 IST" duration-ms="44">
    <groups>
      <group name="smoke">
        <method signature="Test2.demo1()[pri:0, instance:Test.Test2@294425a7]" name="demo1" class="Test.Test2"/>
        <method signature="Test5.apiLoginCarLoan()[pri:0, instance:Test.Test5@67d48005]" name="apiLoginCarLoan" class="Test.Test5"/>
      </group> <!-- smoke -->
      <group name="SMOKE">
        <method signature="Test2.demo1()[pri:0, instance:Test.Test2@294425a7]" name="demo1" class="Test.Test2"/>
      </group> <!-- SMOKE -->
    </groups>
    <test started-at="2025-12-05T22:19:56 IST" name="PersonalLoan" finished-at="2025-12-05T22:19:56 IST" duration-ms="44">
      <class name="Test.Test1">
        <test-method is-config="true" signature="beforeTest()[pri:0, instance:Test.Test1@12468a38]" started-at="2025-12-05T22:19:56 IST" name="beforeTest" finished-at="2025-12-05T22:19:56 IST" duration-ms="0" status="PASS">
          <reporter-output>
          </reporter-output>
        </test-method> <!-- beforeTest -->
        <test-method signature="demo1(java.lang.String,java.lang.String)[pri:0, instance:Test.Test1@12468a38]" started-at="2025-12-05T22:19:56 IST" name="demo1" finished-at="2025-12-05T22:19:56 IST" duration-ms="0" status="FAIL">
          <exception class="org.testng.TestNGException">
            <message>
              <![CDATA[
Parameter 'xmlparameterized1' is required by @Test on method demo1 but has not been marked @Optional or defined
in /Users/krishangowdam/eclipse-workspace/TestNGTutorial/testngPackage.xml]]>
            </message>
            <full-stacktrace>
              <![CDATA[org.testng.TestNGException: 
Parameter 'xmlparameterized1' is required by @Test on method demo1 but has not been marked @Optional or defined
in /Users/krishangowdam/eclipse-workspace/TestNGTutorial/testngPackage.xml
at org.testng.internal.Parameters.createParams(Parameters.java:264)
at org.testng.internal.Parameters.createParametersForMethod(Parameters.java:352)
at org.testng.internal.Parameters.createParameters(Parameters.java:690)
at org.testng.internal.Parameters.handleParameters(Parameters.java:885)
at org.testng.internal.Parameters.handleParameters(Parameters.java:734)
at org.testng.internal.invokers.ParameterHandler.handleParameters(ParameterHandler.java:72)
at org.testng.internal.invokers.ParameterHandler.createParameters(ParameterHandler.java:51)
at org.testng.internal.invokers.TestInvoker$MethodInvocationAgent.invoke(TestInvoker.java:949)
at org.testng.internal.invokers.TestInvoker.invokeTestMethods(TestInvoker.java:203)
at org.testng.internal.invokers.TestMethodWorker.invokeTestMethods(TestMethodWorker.java:154)
at org.testng.internal.invokers.TestMethodWorker.run(TestMethodWorker.java:134)
at java.base/java.util.ArrayList.forEach(ArrayList.java:1511)
at org.testng.TestRunner.privateRun(TestRunner.java:741)
at org.testng.TestRunner.run(TestRunner.java:616)
at org.testng.SuiteRunner.runTest(SuiteRunner.java:421)
at org.testng.SuiteRunner.runSequentially(SuiteRunner.java:413)
at org.testng.SuiteRunner.privateRun(SuiteRunner.java:373)
at org.testng.SuiteRunner.run(SuiteRunner.java:312)
at org.testng.SuiteRunnerWorker.runSuite(SuiteRunnerWorker.java:52)
at org.testng.SuiteRunnerWorker.run(SuiteRunnerWorker.java:95)
at org.testng.TestNG.runSuitesSequentially(TestNG.java:1274)
at org.testng.TestNG.runSuitesLocally(TestNG.java:1208)
at org.testng.TestNG.runSuites(TestNG.java:1112)
at org.testng.TestNG.run(TestNG.java:1079)
at org.testng.remote.AbstractRemoteTestNG.run(AbstractRemoteTestNG.java:115)
at org.testng.remote.RemoteTestNG.initAndRun(RemoteTestNG.java:293)
at org.testng.remote.RemoteTestNG.main(RemoteTestNG.java:91)
]]>
            </full-stacktrace>
          </exception> <!-- org.testng.TestNGException -->
          <reporter-output>
          </reporter-output>
        </test-method> <!-- demo1 -->
        <test-method is-config="true" signature="beforeMethod()[pri:0, instance:Test.Test1@12468a38]" started-at="2025-12-05T22:19:56 IST" name="beforeMethod" finished-at="2025-12-05T22:19:56 IST" duration-ms="1" status="PASS">
          <reporter-output>
          </reporter-output>
        </test-method> <!-- beforeMethod -->
        <test-method signature="demo2()[pri:0, instance:Test.Test1@12468a38]" started-at="2025-12-05T22:19:56 IST" name="demo2" finished-at="2025-12-05T22:19:56 IST" duration-ms="0" status="PASS">
          <reporter-output>
          </reporter-output>
        </test-method> <!-- demo2 -->
        <test-method is-config="true" signature="afterMethod()[pri:0, instance:Test.Test1@12468a38]" started-at="2025-12-05T22:19:56 IST" name="afterMethod" finished-at="2025-12-05T22:19:56 IST" duration-ms="0" status="PASS">
          <reporter-output>
          </reporter-output>
        </test-method> <!-- afterMethod -->
      </class> <!-- Test.Test1 -->
      <class name="Test.Test3">
        <test-method signature="apiLoginHomeLoan()[pri:0, instance:Test.Test3@9f116cc]" started-at="2025-12-05T22:19:56 IST" name="apiLoginHomeLoan" finished-at="2025-12-05T22:19:56 IST" duration-ms="1" status="PASS">
          <reporter-output>
          </reporter-output>
        </test-method> <!-- apiLoginHomeLoan -->
        <test-method signature="mobileLoginHomeLoan()[pri:0, instance:Test.Test3@9f116cc]" started-at="2025-12-05T22:19:56 IST" name="mobileLoginHomeLoan" finished-at="2025-12-05T22:19:56 IST" duration-ms="1" status="PASS">
          <reporter-output>
          </reporter-output>
        </test-method> <!-- mobileLoginHomeLoan -->
        <test-method signature="webLoginHomeLoan(java.lang.String)[pri:0, instance:Test.Test3@9f116cc]" started-at="2025-12-05T22:19:56 IST" name="webLoginHomeLoan" finished-at="2025-12-05T22:19:56 IST" duration-ms="0" status="FAIL">
          <exception class="org.testng.TestNGException">
            <message>
              <![CDATA[
Parameter 'xmlparameterized' is required by @Test on method webLoginHomeLoan but has not been marked @Optional or defined
in /Users/krishangowdam/eclipse-workspace/TestNGTutorial/testngPackage.xml]]>
            </message>
            <full-stacktrace>
              <![CDATA[org.testng.TestNGException: 
Parameter 'xmlparameterized' is required by @Test on method webLoginHomeLoan but has not been marked @Optional or defined
in /Users/krishangowdam/eclipse-workspace/TestNGTutorial/testngPackage.xml
at org.testng.internal.Parameters.createParams(Parameters.java:264)
at org.testng.internal.Parameters.createParametersForMethod(Parameters.java:352)
at org.testng.internal.Parameters.createParameters(Parameters.java:690)
at org.testng.internal.Parameters.handleParameters(Parameters.java:885)
at org.testng.internal.Parameters.handleParameters(Parameters.java:734)
at org.testng.internal.invokers.ParameterHandler.handleParameters(ParameterHandler.java:72)
at org.testng.internal.invokers.ParameterHandler.createParameters(ParameterHandler.java:51)
at org.testng.internal.invokers.TestInvoker$MethodInvocationAgent.invoke(TestInvoker.java:949)
at org.testng.internal.invokers.TestInvoker.invokeTestMethods(TestInvoker.java:203)
at org.testng.internal.invokers.TestMethodWorker.invokeTestMethods(TestMethodWorker.java:154)
at org.testng.internal.invokers.TestMethodWorker.run(TestMethodWorker.java:134)
at java.base/java.util.ArrayList.forEach(ArrayList.java:1511)
at org.testng.TestRunner.privateRun(TestRunner.java:741)
at org.testng.TestRunner.run(TestRunner.java:616)
at org.testng.SuiteRunner.runTest(SuiteRunner.java:421)
at org.testng.SuiteRunner.runSequentially(SuiteRunner.java:413)
at org.testng.SuiteRunner.privateRun(SuiteRunner.java:373)
at org.testng.SuiteRunner.run(SuiteRunner.java:312)
at org.testng.SuiteRunnerWorker.runSuite(SuiteRunnerWorker.java:52)
at org.testng.SuiteRunnerWorker.run(SuiteRunnerWorker.java:95)
at org.testng.TestNG.runSuitesSequentially(TestNG.java:1274)
at org.testng.TestNG.runSuitesLocally(TestNG.java:1208)
at org.testng.TestNG.runSuites(TestNG.java:1112)
at org.testng.TestNG.run(TestNG.java:1079)
at org.testng.remote.AbstractRemoteTestNG.run(AbstractRemoteTestNG.java:115)
at org.testng.remote.RemoteTestNG.initAndRun(RemoteTestNG.java:293)
at org.testng.remote.RemoteTestNG.main(RemoteTestNG.java:91)
]]>
            </full-stacktrace>
          </exception> <!-- org.testng.TestNGException -->
          <reporter-output>
          </reporter-output>
        </test-method> <!-- webLoginHomeLoan -->
      </class> <!-- Test.Test3 -->
      <class name="Test.Test2">
        <test-method signature="demo1()[pri:0, instance:Test.Test2@294425a7]" started-at="2025-12-05T22:19:56 IST" name="demo1" finished-at="2025-12-05T22:19:56 IST" duration-ms="1" status="PASS">
          <reporter-output>
          </reporter-output>
        </test-method> <!-- demo1 -->
        <test-method signature="demo2()[pri:0, instance:Test.Test2@294425a7]" started-at="2025-12-05T22:19:56 IST" name="demo2" finished-at="2025-12-05T22:19:56 IST" duration-ms="0" status="PASS">
          <reporter-output>
          </reporter-output>
        </test-method> <!-- demo2 -->
        <test-method is-config="true" signature="afterTest()[pri:0, instance:Test.Test2@294425a7]" started-at="2025-12-05T22:19:56 IST" name="afterTest" finished-at="2025-12-05T22:19:56 IST" duration-ms="0" status="PASS">
          <reporter-output>
          </reporter-output>
        </test-method> <!-- afterTest -->
      </class> <!-- Test.Test2 -->
      <class name="Test.Test5">
        <test-method signature="MobileForgotPasswordCarLoan(java.lang.String,java.lang.String)[pri:0, instance:Test.Test5@67d48005]" started-at="2025-12-05T22:19:56 IST" name="MobileForgotPasswordCarLoan" data-provider="getData2" finished-at="2025-12-05T22:19:56 IST" duration-ms="1" status="PASS">
          <params>
            <param index="0">
              <value>
                <![CDATA[First row First  Data]]>
              </value>
            </param>
            <param index="1">
              <value>
                <![CDATA[Second row Second Data]]>
              </value>
            </param>
          </params>
          <reporter-output>
          </reporter-output>
        </test-method> <!-- MobileForgotPasswordCarLoan -->
        <test-method signature="MobileForgotPasswordCarLoan(java.lang.String,java.lang.String)[pri:0, instance:Test.Test5@67d48005]" started-at="2025-12-05T22:19:56 IST" name="MobileForgotPasswordCarLoan" data-provider="getData2" finished-at="2025-12-05T22:19:56 IST" duration-ms="0" status="PASS">
          <params>
            <param index="0">
              <value>
                <![CDATA[Second row First  Data]]>
              </value>
            </param>
            <param index="1">
              <value>
                <![CDATA[Second row Second Data]]>
              </value>
            </param>
          </params>
          <reporter-output>
          </reporter-output>
        </test-method> <!-- MobileForgotPasswordCarLoan -->
        <test-method signature="MobileLogoutCarLoan(java.lang.String,java.lang.String)[pri:0, instance:Test.Test5@67d48005]" started-at="2025-12-05T22:19:56 IST" name="MobileLogoutCarLoan" data-provider="getDataone" finished-at="2025-12-05T22:19:56 IST" duration-ms="0" status="PASS">
          <params>
            <param index="0">
              <value>
                <![CDATA[First row First  Data]]>
              </value>
            </param>
            <param index="1">
              <value>
                <![CDATA[Second row Second Data]]>
              </value>
            </param>
          </params>
          <reporter-output>
          </reporter-output>
        </test-method> <!-- MobileLogoutCarLoan -->
        <test-method signature="apiLoginCarLoan()[pri:0, instance:Test.Test5@67d48005]" started-at="2025-12-05T22:19:56 IST" name="apiLoginCarLoan" finished-at="2025-12-05T22:19:56 IST" duration-ms="0" status="PASS">
          <reporter-output>
          </reporter-output>
        </test-method> <!-- apiLoginCarLoan -->
        <test-method is-config="true" signature="afterSuite()[pri:0, instance:Test.Test5@67d48005]" started-at="2025-12-05T22:19:56 IST" name="afterSuite" finished-at="2025-12-05T22:19:56 IST" duration-ms="0" status="PASS">
          <reporter-output>
          </reporter-output>
        </test-method> <!-- afterSuite -->
      </class> <!-- Test.Test5 -->
      <class name="Test.Test4">
        <test-method is-config="true" signature="beforeSuite()[pri:0, instance:Test.Test4@4fb0f2b9]" started-at="2025-12-05T22:19:56 IST" name="beforeSuite" finished-at="2025-12-05T22:19:56 IST" duration-ms="5" status="PASS">
          <reporter-output>
          </reporter-output>
        </test-method> <!-- beforeSuite -->
        <test-method signature="mobileLogoutCarLoan()[pri:0, instance:Test.Test4@4fb0f2b9]" started-at="2025-12-05T22:19:56 IST" name="mobileLogoutCarLoan" finished-at="2025-12-05T22:19:56 IST" duration-ms="4" status="PASS">
          <reporter-output>
          </reporter-output>
        </test-method> <!-- mobileLogoutCarLoan -->
        <test-method signature="webLoginCarLoan(java.lang.String)[pri:0, instance:Test.Test4@4fb0f2b9]" started-at="2025-12-05T22:19:56 IST" name="webLoginCarLoan" finished-at="2025-12-05T22:19:56 IST" duration-ms="0" status="FAIL">
          <exception class="org.testng.TestNGException">
            <message>
              <![CDATA[
Parameter 'xmlparameterized' is required by @Test on method webLoginCarLoan but has not been marked @Optional or defined
in /Users/krishangowdam/eclipse-workspace/TestNGTutorial/testngPackage.xml]]>
            </message>
            <full-stacktrace>
              <![CDATA[org.testng.TestNGException: 
Parameter 'xmlparameterized' is required by @Test on method webLoginCarLoan but has not been marked @Optional or defined
in /Users/krishangowdam/eclipse-workspace/TestNGTutorial/testngPackage.xml
at org.testng.internal.Parameters.createParams(Parameters.java:264)
at org.testng.internal.Parameters.createParametersForMethod(Parameters.java:352)
at org.testng.internal.Parameters.createParameters(Parameters.java:690)
at org.testng.internal.Parameters.handleParameters(Parameters.java:885)
at org.testng.internal.Parameters.handleParameters(Parameters.java:734)
at org.testng.internal.invokers.ParameterHandler.handleParameters(ParameterHandler.java:72)
at org.testng.internal.invokers.ParameterHandler.createParameters(ParameterHandler.java:51)
at org.testng.internal.invokers.TestInvoker$MethodInvocationAgent.invoke(TestInvoker.java:949)
at org.testng.internal.invokers.TestInvoker.invokeTestMethods(TestInvoker.java:203)
at org.testng.internal.invokers.TestMethodWorker.invokeTestMethods(TestMethodWorker.java:154)
at org.testng.internal.invokers.TestMethodWorker.run(TestMethodWorker.java:134)
at java.base/java.util.ArrayList.forEach(ArrayList.java:1511)
at org.testng.TestRunner.privateRun(TestRunner.java:741)
at org.testng.TestRunner.run(TestRunner.java:616)
at org.testng.SuiteRunner.runTest(SuiteRunner.java:421)
at org.testng.SuiteRunner.runSequentially(SuiteRunner.java:413)
at org.testng.SuiteRunner.privateRun(SuiteRunner.java:373)
at org.testng.SuiteRunner.run(SuiteRunner.java:312)
at org.testng.SuiteRunnerWorker.runSuite(SuiteRunnerWorker.java:52)
at org.testng.SuiteRunnerWorker.run(SuiteRunnerWorker.java:95)
at org.testng.TestNG.runSuitesSequentially(TestNG.java:1274)
at org.testng.TestNG.runSuitesLocally(TestNG.java:1208)
at org.testng.TestNG.runSuites(TestNG.java:1112)
at org.testng.TestNG.run(TestNG.java:1079)
at org.testng.remote.AbstractRemoteTestNG.run(AbstractRemoteTestNG.java:115)
at org.testng.remote.RemoteTestNG.initAndRun(RemoteTestNG.java:293)
at org.testng.remote.RemoteTestNG.main(RemoteTestNG.java:91)
]]>
            </full-stacktrace>
          </exception> <!-- org.testng.TestNGException -->
          <reporter-output>
          </reporter-output>
        </test-method> <!-- webLoginCarLoan -->
        <test-method signature="apiLoginCarLoan()[pri:0, instance:Test.Test4@4fb0f2b9]" started-at="2025-12-05T22:19:56 IST" name="apiLoginCarLoan" finished-at="2025-12-05T22:19:56 IST" duration-ms="1" status="PASS">
          <reporter-output>
          </reporter-output>
        </test-method> <!-- apiLoginCarLoan -->
        <test-method signature="webLogoutCarLoan(java.lang.String,java.lang.String)[pri:0, instance:Test.Test4@4fb0f2b9]" started-at="2025-12-05T22:19:56 IST" name="webLogoutCarLoan" data-provider="getData" finished-at="2025-12-05T22:19:56 IST" duration-ms="1" status="PASS">
          <params>
            <param index="0">
              <value>
                <![CDATA[First row First  Data]]>
              </value>
            </param>
            <param index="1">
              <value>
                <![CDATA[Second row Second Data]]>
              </value>
            </param>
          </params>
          <reporter-output>
          </reporter-output>
        </test-method> <!-- webLogoutCarLoan -->
        <test-method signature="webLogoutCarLoan(java.lang.String,java.lang.String)[pri:0, instance:Test.Test4@4fb0f2b9]" started-at="2025-12-05T22:19:56 IST" name="webLogoutCarLoan" data-provider="getData" finished-at="2025-12-05T22:19:56 IST" duration-ms="1" status="PASS">
          <params>
            <param index="0">
              <value>
                <![CDATA[Second row First  Data]]>
              </value>
            </param>
            <param index="1">
              <value>
                <![CDATA[Second row Second Data]]>
              </value>
            </param>
          </params>
          <reporter-output>
          </reporter-output>
        </test-method> <!-- webLogoutCarLoan -->
        <test-method signature="mobileLoginCarLoan()[pri:0, instance:Test.Test4@4fb0f2b9]" started-at="2025-12-05T22:19:56 IST" name="mobileLoginCarLoan" finished-at="2025-12-05T22:19:56 IST" depends-on-methods="Test.Test4.webLoginCarLoan" duration-ms="0" status="SKIP">
          <exception class="java.lang.Throwable">
            <message>
              <![CDATA[Method Test.Test4.mobileLoginCarLoan() on instance Test.Test4@4fb0f2b9 depends on not successfully finished methods 
[Test.Test4.webLoginCarLoan() on instance Test.Test4@4fb0f2b9]]]>
            </message>
            <full-stacktrace>
              <![CDATA[java.lang.Throwable: Method Test.Test4.mobileLoginCarLoan() on instance Test.Test4@4fb0f2b9 depends on not successfully finished methods 
[Test.Test4.webLoginCarLoan() on instance Test.Test4@4fb0f2b9]
at org.testng.internal.invokers.TestInvoker.invokeTestMethods(TestInvoker.java:159)
at org.testng.internal.invokers.TestMethodWorker.invokeTestMethods(TestMethodWorker.java:154)
at org.testng.internal.invokers.TestMethodWorker.run(TestMethodWorker.java:134)
at java.base/java.util.ArrayList.forEach(ArrayList.java:1511)
at org.testng.TestRunner.privateRun(TestRunner.java:741)
at org.testng.TestRunner.run(TestRunner.java:616)
at org.testng.SuiteRunner.runTest(SuiteRunner.java:421)
at org.testng.SuiteRunner.runSequentially(SuiteRunner.java:413)
at org.testng.SuiteRunner.privateRun(SuiteRunner.java:373)
at org.testng.SuiteRunner.run(SuiteRunner.java:312)
at org.testng.SuiteRunnerWorker.runSuite(SuiteRunnerWorker.java:52)
at org.testng.SuiteRunnerWorker.run(SuiteRunnerWorker.java:95)
at org.testng.TestNG.runSuitesSequentially(TestNG.java:1274)
at org.testng.TestNG.runSuitesLocally(TestNG.java:1208)
at org.testng.TestNG.runSuites(TestNG.java:1112)
at org.testng.TestNG.run(TestNG.java:1079)
at org.testng.remote.AbstractRemoteTestNG.run(AbstractRemoteTestNG.java:115)
at org.testng.remote.RemoteTestNG.initAndRun(RemoteTestNG.java:293)
at org.testng.remote.RemoteTestNG.main(RemoteTestNG.java:91)
]]>
            </full-stacktrace>
          </exception> <!-- java.lang.Throwable -->
          <reporter-output>
          </reporter-output>
        </test-method> <!-- mobileLoginCarLoan -->
      </class> <!-- Test.Test4 -->
    </test> <!-- PersonalLoan -->
  </suite> <!-- LoanDepartment -->
</testng-results>
