<?xml version="1.0" encoding="UTF-8"?>
<!-- Generated by org.testng.reporters.JUnitReportReporter -->
<testsuite hostname="ip-192-168-1-7.ap-south-1.compute.internal" failures="0" tests="5" name="Test.Test5" time="0.001" errors="0" timestamp="2025-12-05T22:19:57 IST" skipped="1">
  <testcase classname="Test.Test5" name="apiLoginCarLoan" time="0.000"/>
  <testcase classname="Test.Test5" name="MobileLogoutCarLoan" time="0.000"/>
  <testcase classname="Test.Test5" name="MobileForgotPasswordCarLoan" time="0.001"/>
  <testcase classname="Test.Test5" name="MobileForgotPasswordCarLoan" time="0.000"/>
  <testcase classname="Test.Test5" name="MobileLoginCarLoan">
    <skipped/>
  </testcase> <!-- MobileLoginCarLoan -->
</testsuite> <!-- Test.Test5 -->
