<?xml version="1.0" encoding="UTF-8"?>
<!-- Generated by org.testng.reporters.JUnitXMLReporter -->
<testsuite ignored="1" hostname="ip-192-168-1-7.ap-south-1.compute.internal" failures="0" tests="5" name="CarLoan" time="0.03" errors="0" timestamp="2025-12-05T22:18:21 IST">
  <testcase classname="Test.Test4" name="apiLoginCarLoan" time="0.004"/>
  <testcase classname="Test.Test4" name="mobileLogoutCarLoan" time="0.001"/>
  <testcase classname="Test.Test4" name="webLoginCarLoan" time="0.001"/>
  <testcase classname="Test.Test4" name="webLogoutCarLoan" time="0.001"/>
  <testcase classname="Test.Test4" name="webLogoutCarLoan" time="0.0"/>
  <testcase classname="Test.Test4" name="mobileLoginCarLoan" time="0.0">
    <ignored/>
  </testcase> <!-- mobileLoginCarLoan -->
</testsuite> <!-- CarLoan -->
