<?xml version="1.0" encoding="UTF-8"?>
<!-- Generated by org.testng.reporters.JUnitXMLReporter -->
<testsuite ignored="1" hostname="ip-192-168-1-7.ap-south-1.compute.internal" failures="0" tests="2" name="HomeLoan" time="0.026" errors="0" timestamp="2025-12-05T22:18:21 IST">
  <testcase classname="Test.Test3" name="apiLoginHomeLoan" time="0.005"/>
  <testcase classname="Test.Test3" name="webLoginHomeLoan" time="0.001"/>
  <testcase classname="Test.Test3" name="mobileLoginHomeLoan" time="0.0">
    <ignored/>
  </testcase> <!-- mobileLoginHomeLoan -->
</testsuite> <!-- HomeLoan -->
