<html>
<head>
<title>TestNG:  PersonalLoan</title>
<link href="../testng.css" rel="stylesheet" type="text/css" />
<link href="../my-testng.css" rel="stylesheet" type="text/css" />

<style type="text/css">
.log { display: none;} 
.stack-trace { display: none;} 
</style>
<script type="text/javascript">
<!--
function flip(e) {
  current = e.style.display;
  if (current == 'block') {
    e.style.display = 'none';
    return 0;
  }
  else {
    e.style.display = 'block';
    return 1;
  }
}

function toggleBox(szDivId, elem, msg1, msg2)
{
  var res = -1;  if (document.getElementById) {
    res = flip(document.getElementById(szDivId));
  }
  else if (document.all) {
    // this is the way old msie versions work
    res = flip(document.all[szDivId]);
  }
  if(elem) {
    if(res == 0) elem.innerHTML = msg1; else elem.innerHTML = msg2;
  }

}

function toggleAllBoxes() {
  if (document.getElementsByTagName) {
    d = document.getElementsByTagName('div');
    for (i = 0; i < d.length; i++) {
      if (d[i].className == 'log') {
        flip(d[i]);
      }
    }
  }
}

// -->
</script>

</head>
<body>
<h2 align='center'>PersonalLoan</h2><table border='1' align="center">
<tr>
<td>Tests passed/Failed/Skipped:</td><td>13/3/1</td>
</tr><tr>
<td>Started on:</td><td>Fri Dec 05 22:19:56 IST 2025</td>
</tr>
<tr><td>Total time:</td><td>0 seconds (44 ms)</td>
</tr><tr>
<td>Included groups:</td><td></td>
</tr><tr>
<td>Excluded groups:</td><td></td>
</tr>
</table><p/>
<small><i>(Hover the method name to see the test class name)</i></small><p/>
<table width='100%' border='1' class='invocation-failed'>
<tr><td colspan='4' align='center'><b>FAILED TESTS</b></td></tr>
<tr><td><b>Test method</b></td>
<td><b>Attribute(s)</b></td>
<td width="30%"><b>Exception</b></td>
<td width="10%"><b>Time (seconds)</b></td>
<td><b>Instance</b></td>
</tr>
<tr>
<td title='Test.Test4.webLoginCarLoan()'><b>webLoginCarLoan</b><br>Test class: Test.Test4</td>
<td><div><pre>org.testng.TestNGException: 
Parameter &apos;xmlparameterized&apos; is required by @Test on method webLoginCarLoan but has not been marked @Optional or defined
in /Users/krishangowdam/eclipse-workspace/TestNGTutorial/testngPackage.xml
	at java.base/java.util.ArrayList.forEach(ArrayList.java:1511)
... Removed 26 stack frames</pre></div><a href='#' onClick='toggleBox("stack-trace1443435931", this, "Click to show all stack frames", "Click to hide stack frames")'>Click to show all stack frames</a>
<div class='stack-trace' id='stack-trace1443435931'><pre>org.testng.TestNGException: 
Parameter &apos;xmlparameterized&apos; is required by @Test on method webLoginCarLoan but has not been marked @Optional or defined
in /Users/krishangowdam/eclipse-workspace/TestNGTutorial/testngPackage.xml
	at org.testng.internal.Parameters.createParams(Parameters.java:264)
	at org.testng.internal.Parameters.createParametersForMethod(Parameters.java:352)
	at org.testng.internal.Parameters.createParameters(Parameters.java:690)
	at org.testng.internal.Parameters.handleParameters(Parameters.java:885)
	at org.testng.internal.Parameters.handleParameters(Parameters.java:734)
	at org.testng.internal.invokers.ParameterHandler.handleParameters(ParameterHandler.java:72)
	at org.testng.internal.invokers.ParameterHandler.createParameters(ParameterHandler.java:51)
	at org.testng.internal.invokers.TestInvoker$MethodInvocationAgent.invoke(TestInvoker.java:949)
	at org.testng.internal.invokers.TestInvoker.invokeTestMethods(TestInvoker.java:203)
	at org.testng.internal.invokers.TestMethodWorker.invokeTestMethods(TestMethodWorker.java:154)
	at org.testng.internal.invokers.TestMethodWorker.run(TestMethodWorker.java:134)
	at java.base/java.util.ArrayList.forEach(ArrayList.java:1511)
	at org.testng.TestRunner.privateRun(TestRunner.java:741)
	at org.testng.TestRunner.run(TestRunner.java:616)
	at org.testng.SuiteRunner.runTest(SuiteRunner.java:421)
	at org.testng.SuiteRunner.runSequentially(SuiteRunner.java:413)
	at org.testng.SuiteRunner.privateRun(SuiteRunner.java:373)
	at org.testng.SuiteRunner.run(SuiteRunner.java:312)
	at org.testng.SuiteRunnerWorker.runSuite(SuiteRunnerWorker.java:52)
	at org.testng.SuiteRunnerWorker.run(SuiteRunnerWorker.java:95)
	at org.testng.TestNG.runSuitesSequentially(TestNG.java:1274)
	at org.testng.TestNG.runSuitesLocally(TestNG.java:1208)
	at org.testng.TestNG.runSuites(TestNG.java:1112)
	at org.testng.TestNG.run(TestNG.java:1079)
	at org.testng.remote.AbstractRemoteTestNG.run(AbstractRemoteTestNG.java:115)
	at org.testng.remote.RemoteTestNG.initAndRun(RemoteTestNG.java:293)
	at org.testng.remote.RemoteTestNG.main(RemoteTestNG.java:91)
</pre></div></td>
<td>0</td>
<td>Test.Test4@4fb0f2b9</td></tr>
<tr>
<td title='Test.Test1.demo1()'><b>demo1</b><br>Test class: Test.Test1</td>
<td><div><pre>org.testng.TestNGException: 
Parameter &apos;xmlparameterized1&apos; is required by @Test on method demo1 but has not been marked @Optional or defined
in /Users/krishangowdam/eclipse-workspace/TestNGTutorial/testngPackage.xml
	at java.base/java.util.ArrayList.forEach(ArrayList.java:1511)
... Removed 26 stack frames</pre></div><a href='#' onClick='toggleBox("stack-trace752684363", this, "Click to show all stack frames", "Click to hide stack frames")'>Click to show all stack frames</a>
<div class='stack-trace' id='stack-trace752684363'><pre>org.testng.TestNGException: 
Parameter &apos;xmlparameterized1&apos; is required by @Test on method demo1 but has not been marked @Optional or defined
in /Users/krishangowdam/eclipse-workspace/TestNGTutorial/testngPackage.xml
	at org.testng.internal.Parameters.createParams(Parameters.java:264)
	at org.testng.internal.Parameters.createParametersForMethod(Parameters.java:352)
	at org.testng.internal.Parameters.createParameters(Parameters.java:690)
	at org.testng.internal.Parameters.handleParameters(Parameters.java:885)
	at org.testng.internal.Parameters.handleParameters(Parameters.java:734)
	at org.testng.internal.invokers.ParameterHandler.handleParameters(ParameterHandler.java:72)
	at org.testng.internal.invokers.ParameterHandler.createParameters(ParameterHandler.java:51)
	at org.testng.internal.invokers.TestInvoker$MethodInvocationAgent.invoke(TestInvoker.java:949)
	at org.testng.internal.invokers.TestInvoker.invokeTestMethods(TestInvoker.java:203)
	at org.testng.internal.invokers.TestMethodWorker.invokeTestMethods(TestMethodWorker.java:154)
	at org.testng.internal.invokers.TestMethodWorker.run(TestMethodWorker.java:134)
	at java.base/java.util.ArrayList.forEach(ArrayList.java:1511)
	at org.testng.TestRunner.privateRun(TestRunner.java:741)
	at org.testng.TestRunner.run(TestRunner.java:616)
	at org.testng.SuiteRunner.runTest(SuiteRunner.java:421)
	at org.testng.SuiteRunner.runSequentially(SuiteRunner.java:413)
	at org.testng.SuiteRunner.privateRun(SuiteRunner.java:373)
	at org.testng.SuiteRunner.run(SuiteRunner.java:312)
	at org.testng.SuiteRunnerWorker.runSuite(SuiteRunnerWorker.java:52)
	at org.testng.SuiteRunnerWorker.run(SuiteRunnerWorker.java:95)
	at org.testng.TestNG.runSuitesSequentially(TestNG.java:1274)
	at org.testng.TestNG.runSuitesLocally(TestNG.java:1208)
	at org.testng.TestNG.runSuites(TestNG.java:1112)
	at org.testng.TestNG.run(TestNG.java:1079)
	at org.testng.remote.AbstractRemoteTestNG.run(AbstractRemoteTestNG.java:115)
	at org.testng.remote.RemoteTestNG.initAndRun(RemoteTestNG.java:293)
	at org.testng.remote.RemoteTestNG.main(RemoteTestNG.java:91)
</pre></div></td>
<td>0</td>
<td>Test.Test1@12468a38</td></tr>
<tr>
<td title='Test.Test3.webLoginHomeLoan()'><b>webLoginHomeLoan</b><br>Test class: Test.Test3</td>
<td><div><pre>org.testng.TestNGException: 
Parameter &apos;xmlparameterized&apos; is required by @Test on method webLoginHomeLoan but has not been marked @Optional or defined
in /Users/krishangowdam/eclipse-workspace/TestNGTutorial/testngPackage.xml
	at java.base/java.util.ArrayList.forEach(ArrayList.java:1511)
... Removed 26 stack frames</pre></div><a href='#' onClick='toggleBox("stack-trace1760126453", this, "Click to show all stack frames", "Click to hide stack frames")'>Click to show all stack frames</a>
<div class='stack-trace' id='stack-trace1760126453'><pre>org.testng.TestNGException: 
Parameter &apos;xmlparameterized&apos; is required by @Test on method webLoginHomeLoan but has not been marked @Optional or defined
in /Users/krishangowdam/eclipse-workspace/TestNGTutorial/testngPackage.xml
	at org.testng.internal.Parameters.createParams(Parameters.java:264)
	at org.testng.internal.Parameters.createParametersForMethod(Parameters.java:352)
	at org.testng.internal.Parameters.createParameters(Parameters.java:690)
	at org.testng.internal.Parameters.handleParameters(Parameters.java:885)
	at org.testng.internal.Parameters.handleParameters(Parameters.java:734)
	at org.testng.internal.invokers.ParameterHandler.handleParameters(ParameterHandler.java:72)
	at org.testng.internal.invokers.ParameterHandler.createParameters(ParameterHandler.java:51)
	at org.testng.internal.invokers.TestInvoker$MethodInvocationAgent.invoke(TestInvoker.java:949)
	at org.testng.internal.invokers.TestInvoker.invokeTestMethods(TestInvoker.java:203)
	at org.testng.internal.invokers.TestMethodWorker.invokeTestMethods(TestMethodWorker.java:154)
	at org.testng.internal.invokers.TestMethodWorker.run(TestMethodWorker.java:134)
	at java.base/java.util.ArrayList.forEach(ArrayList.java:1511)
	at org.testng.TestRunner.privateRun(TestRunner.java:741)
	at org.testng.TestRunner.run(TestRunner.java:616)
	at org.testng.SuiteRunner.runTest(SuiteRunner.java:421)
	at org.testng.SuiteRunner.runSequentially(SuiteRunner.java:413)
	at org.testng.SuiteRunner.privateRun(SuiteRunner.java:373)
	at org.testng.SuiteRunner.run(SuiteRunner.java:312)
	at org.testng.SuiteRunnerWorker.runSuite(SuiteRunnerWorker.java:52)
	at org.testng.SuiteRunnerWorker.run(SuiteRunnerWorker.java:95)
	at org.testng.TestNG.runSuitesSequentially(TestNG.java:1274)
	at org.testng.TestNG.runSuitesLocally(TestNG.java:1208)
	at org.testng.TestNG.runSuites(TestNG.java:1112)
	at org.testng.TestNG.run(TestNG.java:1079)
	at org.testng.remote.AbstractRemoteTestNG.run(AbstractRemoteTestNG.java:115)
	at org.testng.remote.RemoteTestNG.initAndRun(RemoteTestNG.java:293)
	at org.testng.remote.RemoteTestNG.main(RemoteTestNG.java:91)
</pre></div></td>
<td>0</td>
<td>Test.Test3@9f116cc</td></tr>
</table><p>
<table width='100%' border='1' class='invocation-passed'>
<tr><td colspan='4' align='center'><b>PASSED TESTS</b></td></tr>
<tr><td><b>Test method</b></td>
<td><b>Attribute(s)</b></td>
<td width="30%"><b>Exception</b></td>
<td width="10%"><b>Time (seconds)</b></td>
<td><b>Instance</b></td>
</tr>
<tr>
<td title='Test.Test4.apiLoginCarLoan()'><b>apiLoginCarLoan</b><br>Test class: Test.Test4</td>
<td></td>
<td>0</td>
<td>Test.Test4@4fb0f2b9</td></tr>
<tr>
<td title='Test.Test3.apiLoginHomeLoan()'><b>apiLoginHomeLoan</b><br>Test class: Test.Test3</td>
<td></td>
<td>0</td>
<td>Test.Test3@9f116cc</td></tr>
<tr>
<td title='Test.Test5.apiLoginCarLoan()'><b>apiLoginCarLoan</b><br>Test class: Test.Test5</td>
<td></td>
<td>0</td>
<td>Test.Test5@67d48005</td></tr>
<tr>
<td title='Test.Test5.MobileLogoutCarLoan()'><b>MobileLogoutCarLoan</b><br>Test class: Test.Test5<br>Parameters: First row First  Data, Second row Second Data</td>
<td></td>
<td>0</td>
<td>Test.Test5@67d48005</td></tr>
<tr>
<td title='Test.Test4.webLogoutCarLoan()'><b>webLogoutCarLoan</b><br>Test class: Test.Test4<br>Parameters: First row First  Data, Second row Second Data</td>
<td></td>
<td>0</td>
<td>Test.Test4@4fb0f2b9</td></tr>
<tr>
<td title='Test.Test4.webLogoutCarLoan()'><b>webLogoutCarLoan</b><br>Test class: Test.Test4<br>Parameters: Second row First  Data, Second row Second Data</td>
<td></td>
<td>0</td>
<td>Test.Test4@4fb0f2b9</td></tr>
<tr>
<td title='Test.Test5.MobileForgotPasswordCarLoan()'><b>MobileForgotPasswordCarLoan</b><br>Test class: Test.Test5<br>Parameters: Second row First  Data, Second row Second Data</td>
<td></td>
<td>0</td>
<td>Test.Test5@67d48005</td></tr>
<tr>
<td title='Test.Test4.mobileLogoutCarLoan()'><b>mobileLogoutCarLoan</b><br>Test class: Test.Test4</td>
<td></td>
<td>0</td>
<td>Test.Test4@4fb0f2b9</td></tr>
<tr>
<td title='Test.Test2.demo1()'><b>demo1</b><br>Test class: Test.Test2</td>
<td></td>
<td>0</td>
<td>Test.Test2@294425a7</td></tr>
<tr>
<td title='Test.Test3.mobileLoginHomeLoan()'><b>mobileLoginHomeLoan</b><br>Test class: Test.Test3</td>
<td></td>
<td>0</td>
<td>Test.Test3@9f116cc</td></tr>
<tr>
<td title='Test.Test5.MobileForgotPasswordCarLoan()'><b>MobileForgotPasswordCarLoan</b><br>Test class: Test.Test5<br>Parameters: First row First  Data, Second row Second Data</td>
<td></td>
<td>0</td>
<td>Test.Test5@67d48005</td></tr>
<tr>
<td title='Test.Test1.demo2()'><b>demo2</b><br>Test class: Test.Test1</td>
<td></td>
<td>0</td>
<td>Test.Test1@12468a38</td></tr>
<tr>
<td title='Test.Test2.demo2()'><b>demo2</b><br>Test class: Test.Test2</td>
<td></td>
<td>0</td>
<td>Test.Test2@294425a7</td></tr>
</table><p>
<table width='100%' border='1' class='invocation-skipped'>
<tr><td colspan='4' align='center'><b>SKIPPED TESTS</b></td></tr>
<tr><td><b>Test method</b></td>
<td><b>Attribute(s)</b></td>
<td width="30%"><b>Exception</b></td>
<td width="10%"><b>Time (seconds)</b></td>
<td><b>Instance</b></td>
</tr>
<tr>
<td title='Test.Test4.mobileLoginCarLoan()'><b>mobileLoginCarLoan</b><br>Test class: Test.Test4</td>
<td><div><pre>java.lang.Throwable: Method Test.Test4.mobileLoginCarLoan() on instance Test.Test4@4fb0f2b9 depends on not successfully finished methods 
[Test.Test4.webLoginCarLoan() on instance Test.Test4@4fb0f2b9]
	at java.base/java.util.ArrayList.forEach(ArrayList.java:1511)
... Removed 18 stack frames</pre></div><a href='#' onClick='toggleBox("stack-trace360207322", this, "Click to show all stack frames", "Click to hide stack frames")'>Click to show all stack frames</a>
<div class='stack-trace' id='stack-trace360207322'><pre>java.lang.Throwable: Method Test.Test4.mobileLoginCarLoan() on instance Test.Test4@4fb0f2b9 depends on not successfully finished methods 
[Test.Test4.webLoginCarLoan() on instance Test.Test4@4fb0f2b9]
	at org.testng.internal.invokers.TestInvoker.invokeTestMethods(TestInvoker.java:159)
	at org.testng.internal.invokers.TestMethodWorker.invokeTestMethods(TestMethodWorker.java:154)
	at org.testng.internal.invokers.TestMethodWorker.run(TestMethodWorker.java:134)
	at java.base/java.util.ArrayList.forEach(ArrayList.java:1511)
	at org.testng.TestRunner.privateRun(TestRunner.java:741)
	at org.testng.TestRunner.run(TestRunner.java:616)
	at org.testng.SuiteRunner.runTest(SuiteRunner.java:421)
	at org.testng.SuiteRunner.runSequentially(SuiteRunner.java:413)
	at org.testng.SuiteRunner.privateRun(SuiteRunner.java:373)
	at org.testng.SuiteRunner.run(SuiteRunner.java:312)
	at org.testng.SuiteRunnerWorker.runSuite(SuiteRunnerWorker.java:52)
	at org.testng.SuiteRunnerWorker.run(SuiteRunnerWorker.java:95)
	at org.testng.TestNG.runSuitesSequentially(TestNG.java:1274)
	at org.testng.TestNG.runSuitesLocally(TestNG.java:1208)
	at org.testng.TestNG.runSuites(TestNG.java:1112)
	at org.testng.TestNG.run(TestNG.java:1079)
	at org.testng.remote.AbstractRemoteTestNG.run(AbstractRemoteTestNG.java:115)
	at org.testng.remote.RemoteTestNG.initAndRun(RemoteTestNG.java:293)
	at org.testng.remote.RemoteTestNG.main(RemoteTestNG.java:91)
</pre></div></td>
<td>0</td>
<td>Test.Test4@4fb0f2b9</td></tr>
</table><p>
</body>
</html>