<?xml version="1.0" encoding="UTF-8"?>
<!-- Generated by org.testng.reporters.JUnitXMLReporter -->
<testsuite ignored="1" hostname="ip-192-168-1-7.ap-south-1.compute.internal" failures="3" tests="17" name="PersonalLoan" time="0.044" errors="0" timestamp="2025-12-05T22:19:56 IST">
  <testcase classname="Test.Test4" name="mobileLogoutCarLoan" time="0.004"/>
  <testcase classname="Test.Test4" name="webLoginCarLoan" time="0.0">
    <failure type="org.testng.TestNGException" message="
Parameter &amp;apos;xmlparameterized&amp;apos; is required by @Test on method webLoginCarLoan but has not been marked @Optional or defined
in /Users/krishangowdam/eclipse-workspace/TestNGTutorial/testngPackage.xml">
      <![CDATA[org.testng.TestNGException: 
Parameter 'xmlparameterized' is required by @Test on method webLoginCarLoan but has not been marked @Optional or defined
in /Users/krishangowdam/eclipse-workspace/TestNGTutorial/testngPackage.xml
at java.base/java.util.ArrayList.forEach(ArrayList.java:1511)
... Removed 26 stack frames]]>
    </failure>
  </testcase> <!-- webLoginCarLoan -->
  <testcase classname="Test.Test4" name="apiLoginCarLoan" time="0.001"/>
  <testcase classname="Test.Test4" name="webLogoutCarLoan" time="0.001"/>
  <testcase classname="Test.Test4" name="webLogoutCarLoan" time="0.001"/>
  <testcase classname="Test.Test4" name="mobileLoginCarLoan" time="0.0">
    <skipped/>
  </testcase> <!-- mobileLoginCarLoan -->
  <testcase classname="Test.Test2" name="demo1" time="0.001"/>
  <testcase classname="Test.Test2" name="demo2" time="0.0"/>
  <testcase classname="Test.Test5" name="MobileForgotPasswordCarLoan" time="0.001"/>
  <testcase classname="Test.Test5" name="MobileForgotPasswordCarLoan" time="0.0"/>
  <testcase classname="Test.Test5" name="MobileLogoutCarLoan" time="0.0"/>
  <testcase classname="Test.Test5" name="apiLoginCarLoan" time="0.0"/>
  <testcase classname="Test.Test3" name="apiLoginHomeLoan" time="0.001"/>
  <testcase classname="Test.Test3" name="mobileLoginHomeLoan" time="0.001"/>
  <testcase classname="Test.Test3" name="webLoginHomeLoan" time="0.0">
    <failure type="org.testng.TestNGException" message="
Parameter &amp;apos;xmlparameterized&amp;apos; is required by @Test on method webLoginHomeLoan but has not been marked @Optional or defined
in /Users/krishangowdam/eclipse-workspace/TestNGTutorial/testngPackage.xml">
      <![CDATA[org.testng.TestNGException: 
Parameter 'xmlparameterized' is required by @Test on method webLoginHomeLoan but has not been marked @Optional or defined
in /Users/krishangowdam/eclipse-workspace/TestNGTutorial/testngPackage.xml
at java.base/java.util.ArrayList.forEach(ArrayList.java:1511)
... Removed 26 stack frames]]>
    </failure>
  </testcase> <!-- webLoginHomeLoan -->
  <testcase classname="Test.Test1" name="demo1" time="0.0">
    <failure type="org.testng.TestNGException" message="
Parameter &amp;apos;xmlparameterized1&amp;apos; is required by @Test on method demo1 but has not been marked @Optional or defined
in /Users/krishangowdam/eclipse-workspace/TestNGTutorial/testngPackage.xml">
      <![CDATA[org.testng.TestNGException: 
Parameter 'xmlparameterized1' is required by @Test on method demo1 but has not been marked @Optional or defined
in /Users/krishangowdam/eclipse-workspace/TestNGTutorial/testngPackage.xml
at java.base/java.util.ArrayList.forEach(ArrayList.java:1511)
... Removed 26 stack frames]]>
    </failure>
  </testcase> <!-- demo1 -->
  <testcase classname="Test.Test1" name="demo2" time="0.0"/>
  <testcase classname="Test.Test5" name="MobileLoginCarLoan" time="0.0">
    <ignored/>
  </testcase> <!-- MobileLoginCarLoan -->
</testsuite> <!-- PersonalLoan -->
