<?xml version="1.0" encoding="UTF-8"?>
<!-- Generated by org.testng.reporters.JUnitXMLReporter -->
<testsuite ignored="2" hostname="ip-192-168-1-7.ap-south-1.compute.internal" failures="0" tests="3" name="RunningMethodsWithSimilarNames" time="0.026" errors="0" timestamp="2025-12-05T22:18:21 IST">
  <testcase classname="Test.Test5" name="MobileForgotPasswordCarLoan" time="0.004"/>
  <testcase classname="Test.Test5" name="MobileForgotPasswordCarLoan" time="0.001"/>
  <testcase classname="Test.Test5" name="MobileLogoutCarLoan" time="0.001"/>
  <testcase classname="Test.Test5" name="apiLoginCarLoan" time="0.0">
    <ignored/>
  </testcase> <!-- apiLoginCarLoan -->
  <testcase classname="Test.Test5" name="MobileLoginCarLoan" time="0.0">
    <ignored/>
  </testcase> <!-- MobileLoginCarLoan -->
</testsuite> <!-- RunningMethodsWithSimilarNames -->
